<?xml version="1.0" encoding="UTF-8"?>
<!-- Generated by org.testng.reporters.JUnitReportReporter -->
<testsuite name="com.nectar.ambrosia.tests.LoginScreen" tests="1" time="10.554" ignored="0" failures="0" timestamp="01 May 2019 15:14:50 GMT" skipped="0" hostname="IP-C613EF6A" errors="0">
  <testcase name="test" time="10.554" classname="com.nectar.ambrosia.tests.LoginScreen"/>
</testsuite> <!-- com.nectar.ambrosia.tests.LoginScreen -->
